<?xml version="1.0" encoding="UTF-8"?>
<!-- Generated by org.testng.reporters.JUnitXMLReporter -->
<testsuite ignored="0" hostname="ThrinadhRam" failures="0" tests="6" name="Default test" time="15.503" errors="0" timestamp="2025-08-01T15:38:16 IST">
  <testcase classname="api.test.DDtest" name="testPostuser" time="3.912"/>
  <testcase classname="api.test.DDtest" name="testPostuser" time="1.137"/>
  <testcase classname="api.test.DDtest" name="testPostuser" time="1.128"/>
  <testcase classname="api.test.DDtest" name="testdelateuserbyname" time="2.538"/>
  <testcase classname="api.test.DDtest" name="testdelateuserbyname" time="2.258"/>
  <testcase classname="api.test.DDtest" name="testdelateuserbyname" time="2.24"/>
</testsuite> <!-- Default test -->
