<?xml version="1.0" encoding="UTF-8"?>
<!-- Generated by org.testng.reporters.JUnitXMLReporter -->
<testsuite ignored="0" hostname="ThrinadhRam" failures="1" tests="4" name="petTest" time="13.172" errors="0" timestamp="2025-07-29T16:46:54 IST">
  <testcase classname="api.test.Usertest2" name="testpostuser" time="2.854"/>
  <testcase classname="api.test.Usertest2" name="testGetuserByname" time="3.208">
    <failure type="java.lang.AssertionError" message="expected [200] but found [404]">
      <![CDATA[java.lang.AssertionError: expected [200] but found [404]
at api.test.Usertest2.testGetuserByname(Usertest2.java:57)
at java.base/java.util.ArrayList.forEach(ArrayList.java:1596)
... Removed 35 stack frames]]>
    </failure>
  </testcase> <!-- testGetuserByname -->
  <testcase classname="api.test.Usertest2" name="test_update_user_name" time="4.149"/>
  <testcase classname="api.test.Usertest2" name="testdelateuser_by_name" time="2.106"/>
</testsuite> <!-- petTest -->
