<?xml version="1.0" encoding="UTF-8"?>
<!-- Generated by org.testng.reporters.JUnitReportReporter -->
<testsuite hostname="ThrinadhRam" failures="0" tests="6" name="api.test.DDtest" time="13.213" errors="0" timestamp="2025-08-01T15:38:16 IST" skipped="0">
  <testcase classname="api.test.DDtest" name="testPostuser" time="3.912"/>
  <system-out/>
  <testcase classname="api.test.DDtest" name="testPostuser" time="1.128"/>
  <system-out/>
  <testcase classname="api.test.DDtest" name="testPostuser" time="1.137"/>
  <system-out/>
  <testcase classname="api.test.DDtest" name="testdelateuserbyname" time="2.538"/>
  <system-out/>
  <testcase classname="api.test.DDtest" name="testdelateuserbyname" time="2.240"/>
  <system-out/>
  <testcase classname="api.test.DDtest" name="testdelateuserbyname" time="2.258"/>
  <system-out/>
</testsuite> <!-- api.test.DDtest -->
